<?xml version="1.0" encoding="UTF-8"?>
<!-- Generated by org.testng.reporters.JUnitReportReporter -->
<testsuite skipped="0" hostname="BLR1-LHP-N71961" name="Academy.HomePage" tests="2" failures="0" timestamp="2021-12-27T02:00:06 PST" time="8.536" errors="0">
  <testcase name="basePageNavigation" time="1.939" classname="Academy.HomePage"/>
  <system-out/>
  <testcase name="basePageNavigation" time="6.597" classname="Academy.HomePage"/>
  <system-out/>
</testsuite> <!-- Academy.HomePage -->
